<?xml version="1.0" encoding="UTF-8"?>
<!-- Generated by org.testng.reporters.JUnitReportReporter -->
<testsuite hostname="DESKTOP-569G7M4" name="example.NewTest" tests="1" failures="0" timestamp="16 Nov 2019 15:55:59 GMT" time="9.555" errors="0">
  <testcase name="testEasy" time="9.555" classname="example.NewTest"/>
</testsuite> <!-- example.NewTest -->
