<?xml version="1.0" encoding="UTF-8"?>
<!-- Generated by org.testng.reporters.JUnitReportReporter -->
<testsuite hostname="DESKTOP-569G7M4" name="example.NewTest" tests="2" failures="0" timestamp="26 Jan 2020 15:09:04 GMT" time="0.088" errors="0">
  <testcase name="Excelread" time="0.072" classname="example.NewTest"/>
  <testcase name="Excelread" time="0.016" classname="example.NewTest"/>
</testsuite> <!-- example.NewTest -->
